<?xml version="1.0" encoding="UTF-8"?>
<coverage generated="1651155757193" clover="3.2.0">
  <project timestamp="1651155757193" name="All files">
    <metrics statements="12" coveredstatements="11" conditionals="6" coveredconditionals="4" methods="5" coveredmethods="5" elements="23" coveredelements="20" complexity="0" loc="12" ncloc="12" packages="3" files="5" classes="5"/>
    <package name="components.Header">
      <metrics statements="1" coveredstatements="1" conditionals="2" coveredconditionals="1" methods="1" coveredmethods="1"/>
      <file name="Header.tsx" path="C:\EPAM\react-app\src\components\Header\Header.tsx">
        <metrics statements="1" coveredstatements="1" conditionals="2" coveredconditionals="1" methods="1" coveredmethods="1"/>
        <line num="4" count="1" type="stmt"/>
      </file>
    </package>
    <package name="components.Header.SearchModeButton">
      <metrics statements="1" coveredstatements="1" conditionals="2" coveredconditionals="2" methods="1" coveredmethods="1"/>
      <file name="SearchModeButton.tsx" path="C:\EPAM\react-app\src\components\Header\SearchModeButton\SearchModeButton.tsx">
        <metrics statements="1" coveredstatements="1" conditionals="2" coveredconditionals="2" methods="1" coveredmethods="1"/>
        <line num="9" count="2" type="stmt"/>
      </file>
    </package>
    <package name="helpers">
      <metrics statements="10" coveredstatements="9" conditionals="2" coveredconditionals="1" methods="3" coveredmethods="3"/>
      <file name="compareStoreAndURLId.ts" path="C:\EPAM\react-app\src\helpers\compareStoreAndURLId.ts">
        <metrics statements="4" coveredstatements="3" conditionals="2" coveredconditionals="1" methods="1" coveredmethods="1"/>
        <line num="7" count="2" type="stmt"/>
        <line num="8" count="4" type="cond" truecount="1" falsecount="1"/>
        <line num="9" count="0" type="stmt"/>
        <line num="12" count="4" type="stmt"/>
      </file>
      <file name="sortByRatingDescending.ts" path="C:\EPAM\react-app\src\helpers\sortByRatingDescending.ts">
        <metrics statements="3" coveredstatements="3" conditionals="0" coveredconditionals="0" methods="1" coveredmethods="1"/>
        <line num="5" count="1" type="stmt"/>
        <line num="6" count="1" type="stmt"/>
        <line num="7" count="1" type="stmt"/>
      </file>
      <file name="sortByReleaseDateDescending.ts" path="C:\EPAM\react-app\src\helpers\sortByReleaseDateDescending.ts">
        <metrics statements="3" coveredstatements="3" conditionals="0" coveredconditionals="0" methods="1" coveredmethods="1"/>
        <line num="5" count="1" type="stmt"/>
        <line num="6" count="1" type="stmt"/>
        <line num="7" count="1" type="stmt"/>
      </file>
    </package>
  </project>
</coverage>
