{"C:\\EPAM\\react-app\\src\\components\\Header\\Header.tsx": {"path":"C:\\EPAM\\react-app\\src\\components\\Header\\Header.tsx","statementMap":{"0":{"start":{"line":4,"column":4},"end":{"line":14,"column":6}}},"fnMap":{"0":{"name":"Header","decl":{"start":{"line":3,"column":16},"end":{"line":3,"column":22}},"loc":{"start":{"line":3,"column":74},"end":{"line":15,"column":1}},"line":3}},"branchMap":{"0":{"loc":{"start":{"line":7,"column":16},"end":{"line":7,"column":63}},"type":"cond-expr","locations":[{"start":{"line":7,"column":36},"end":{"line":7,"column":58}},{"start":{"line":7,"column":61},"end":{"line":7,"column":63}}],"line":7}},"s":{"0":1},"f":{"0":1},"b":{"0":[0,1]},"_coverageSchema":"1a1c01bbd47fc00a2c39e90264f33305004495a9","hash":"28dccdce47b693907fb5d4cc1ac7388554510fb4"}
,"C:\\EPAM\\react-app\\src\\components\\Header\\SearchModeButton\\SearchModeButton.tsx": {"path":"C:\\EPAM\\react-app\\src\\components\\Header\\SearchModeButton\\SearchModeButton.tsx","statementMap":{"0":{"start":{"line":9,"column":4},"end":{"line":19,"column":6}}},"fnMap":{"0":{"name":"SearchModeButton","decl":{"start":{"line":4,"column":24},"end":{"line":4,"column":40}},"loc":{"start":{"line":8,"column":3},"end":{"line":20,"column":1}},"line":8}},"branchMap":{"0":{"loc":{"start":{"line":13,"column":16},"end":{"line":13,"column":66}},"type":"cond-expr","locations":[{"start":{"line":13,"column":33},"end":{"line":13,"column":61}},{"start":{"line":13,"column":64},"end":{"line":13,"column":66}}],"line":13}},"s":{"0":2},"f":{"0":2},"b":{"0":[1,1]},"_coverageSchema":"1a1c01bbd47fc00a2c39e90264f33305004495a9","hash":"3d327bfcbe7d36300d6d4bee0ca0574169a1d9b3"}
,"C:\\EPAM\\react-app\\src\\components\\Pages\\functions\\compareStoreAndURLId.ts": {"path":"C:\\EPAM\\react-app\\src\\components\\Pages\\functions\\compareStoreAndURLId.ts","statementMap":{"0":{"start":{"line":7,"column":36},"end":{"line":13,"column":1}},"1":{"start":{"line":8,"column":4},"end":{"line":10,"column":5}},"2":{"start":{"line":9,"column":8},"end":{"line":9,"column":21}},"3":{"start":{"line":12,"column":4},"end":{"line":12,"column":42}}},"fnMap":{"0":{"name":"(anonymous_0)","decl":{"start":{"line":7,"column":36},"end":{"line":7,"column":37}},"loc":{"start":{"line":7,"column":75},"end":{"line":13,"column":1}},"line":7}},"branchMap":{"0":{"loc":{"start":{"line":8,"column":4},"end":{"line":10,"column":5}},"type":"if","locations":[{"start":{"line":8,"column":4},"end":{"line":10,"column":5}},{"start":{},"end":{}}],"line":8}},"s":{"0":2,"1":4,"2":0,"3":4},"f":{"0":4},"b":{"0":[0,4]},"_coverageSchema":"1a1c01bbd47fc00a2c39e90264f33305004495a9","hash":"d2885157056cc6ba5c8df394b3a4fef7e66a9630"}
,"C:\\EPAM\\react-app\\src\\helpers\\sortByRatingDescending.ts": {"path":"C:\\EPAM\\react-app\\src\\helpers\\sortByRatingDescending.ts","statementMap":{"0":{"start":{"line":5,"column":20},"end":{"line":5,"column":34}},"1":{"start":{"line":6,"column":20},"end":{"line":6,"column":34}},"2":{"start":{"line":7,"column":4},"end":{"line":7,"column":29}}},"fnMap":{"0":{"name":"sortByRatingDescending","decl":{"start":{"line":1,"column":24},"end":{"line":1,"column":46}},"loc":{"start":{"line":4,"column":2},"end":{"line":8,"column":1}},"line":4}},"branchMap":{},"s":{"0":1,"1":1,"2":1},"f":{"0":1},"b":{},"_coverageSchema":"1a1c01bbd47fc00a2c39e90264f33305004495a9","hash":"36974b63ef13a56913d8fbfc76137707c3eb6432"}
,"C:\\EPAM\\react-app\\src\\helpers\\sortByReleaseDateDescending.ts": {"path":"C:\\EPAM\\react-app\\src\\helpers\\sortByReleaseDateDescending.ts","statementMap":{"0":{"start":{"line":5,"column":25},"end":{"line":5,"column":63}},"1":{"start":{"line":6,"column":25},"end":{"line":6,"column":63}},"2":{"start":{"line":7,"column":4},"end":{"line":7,"column":39}}},"fnMap":{"0":{"name":"sortByReleaseDateDescending","decl":{"start":{"line":1,"column":24},"end":{"line":1,"column":51}},"loc":{"start":{"line":4,"column":2},"end":{"line":8,"column":1}},"line":4}},"branchMap":{},"s":{"0":1,"1":1,"2":1},"f":{"0":1},"b":{},"_coverageSchema":"1a1c01bbd47fc00a2c39e90264f33305004495a9","hash":"45e985e8936ca89141b580aa6da83388b9d957cb"}
}
