TN:
SF:src\components\Header\Header.tsx
FN:3,Header
FNF:1
FNH:1
FNDA:1,Header
DA:4,1
LF:1
LH:1
BRDA:7,0,0,0
BRDA:7,0,1,1
BRF:2
BRH:1
end_of_record
TN:
SF:src\components\Header\SearchModeButton\SearchModeButton.tsx
FN:4,SearchModeButton
FNF:1
FNH:1
FNDA:2,SearchModeButton
DA:9,2
LF:1
LH:1
BRDA:13,0,0,1
BRDA:13,0,1,1
BRF:2
BRH:2
end_of_record
TN:
SF:src\helpers\compareStoreAndURLId.ts
FN:7,(anonymous_0)
FNF:1
FNH:1
FNDA:4,(anonymous_0)
DA:7,2
DA:8,4
DA:9,0
DA:12,4
LF:4
LH:3
BRDA:8,0,0,0
BRDA:8,0,1,4
BRF:2
BRH:1
end_of_record
TN:
SF:src\helpers\sortByRatingDescending.ts
FN:1,sortByRatingDescending
FNF:1
FNH:1
FNDA:1,sortByRatingDescending
DA:5,1
DA:6,1
DA:7,1
LF:3
LH:3
BRF:0
BRH:0
end_of_record
TN:
SF:src\helpers\sortByReleaseDateDescending.ts
FN:1,sortByReleaseDateDescending
FNF:1
FNH:1
FNDA:1,sortByReleaseDateDescending
DA:5,1
DA:6,1
DA:7,1
LF:3
LH:3
BRF:0
BRH:0
end_of_record
